<?xml version="1.0" encoding="UTF-8"?>
<!-- Generated by org.testng.reporters.JUnitReportReporter -->
<testsuite hostname="HTJD7L7R1" name="com.alip.selenium.pages.tests.TestWorkflow" tests="1" failures="0" timestamp="2 Nov 2016 13:17:25 GMT" time="316.616" errors="0">
  <testcase name="DeepDiveProj" time="316.616" classname="com.alip.selenium.pages.tests.TestWorkflow"/>
</testsuite> <!-- com.alip.selenium.pages.tests.TestWorkflow -->
