<?xml version="1.0" encoding="UTF-8"?>
<!-- Generated by org.testng.reporters.JUnitReportReporter -->
<testsuite hostname="HTJD7L7R1" name="com.alip.selenium.pages.tests.TestLogin" tests="1" failures="0" timestamp="18 Oct 2016 10:33:36 GMT" time="9.099" errors="0">
  <testcase name="checkLogin" time="9.099" classname="com.alip.selenium.pages.tests.TestLogin"/>
</testsuite> <!-- com.alip.selenium.pages.tests.TestLogin -->
