<?xml version="1.0" encoding="UTF-8"?>
<!-- Generated by org.testng.reporters.JUnitReportReporter -->
<testsuite hostname="HTJD7L7R1" name="com.alip.selenium.pages.tests.TestRegistration" tests="1" failures="0" timestamp="2 Nov 2016 04:47:00 GMT" time="89.942" errors="0">
  <testcase name="SaveRegistration" time="89.942" classname="com.alip.selenium.pages.tests.TestRegistration"/>
</testsuite> <!-- com.alip.selenium.pages.tests.TestRegistration -->
