<?xml version="1.0" encoding="UTF-8"?>
<!-- Generated by org.testng.reporters.JUnitReportReporter -->
<testsuite hostname="HTJD7L7R1" name="com.alip.selenium.pages.tests.TestCreateProject" tests="1" failures="0" timestamp="24 Oct 2016 07:46:45 GMT" time="245.972" errors="0">
  <testcase name="BPSCreateProj" time="245.972" classname="com.alip.selenium.pages.tests.TestCreateProject"/>
</testsuite> <!-- com.alip.selenium.pages.tests.TestCreateProject -->
