<?xml version="1.0" encoding="UTF-8"?>
<!-- Generated by org.testng.reporters.JUnitReportReporter -->
<testsuite hostname="HTJD7L7R1" name="com.alip.selenium.pages.tests.TestCreateProject" tests="1" failures="0" timestamp="14 Oct 2016 14:11:59 GMT" time="110.343" errors="0">
  <testcase name="APSCreateProj" time="110.343" classname="com.alip.selenium.pages.tests.TestCreateProject"/>
</testsuite> <!-- com.alip.selenium.pages.tests.TestCreateProject -->
